C:\SADAT\MPROJECTS\GWAS\ENCLAVE1\ENCLAVE1\RELEASE\ENCLAVE1.OBJ
C:\SADAT\MPROJECTS\GWAS\ENCLAVE1\ENCLAVE1\RELEASE\BIGUNSIGNEDBASE.OBJ
C:\SADAT\MPROJECTS\GWAS\ENCLAVE1\ENCLAVE1\RELEASE\BIGUNSIGNED.OBJ
C:\SADAT\MPROJECTS\GWAS\ENCLAVE1\ENCLAVE1\RELEASE\BIGINTEGERUTILS.OBJ
C:\SADAT\MPROJECTS\GWAS\ENCLAVE1\ENCLAVE1\RELEASE\BIGINTEGERALGORITHMS.OBJ
C:\SADAT\MPROJECTS\GWAS\ENCLAVE1\ENCLAVE1\RELEASE\BIGINTEGER.OBJ
C:\SADAT\MPROJECTS\GWAS\ENCLAVE1\ENCLAVE1\RELEASE\VC110.PDB
C:\SADAT\MPROJECTS\GWAS\ENCLAVE1\ENCLAVE1\RELEASE\ENCLAVE1_T.OBJ
C:\SADAT\MPROJECTS\GWAS\ENCLAVE1\ENCLAVE1\ENCLAVE1_T.H
C:\SADAT\MPROJECTS\GWAS\ENCLAVE1\ENCLAVE1\ENCLAVE1_T.C
C:\Sadat\MProjects\gwas\Enclave1\Release\Enclave1.lib
C:\Sadat\MProjects\gwas\Enclave1\Release\Enclave1.exp
C:\SADAT\MPROJECTS\GWAS\ENCLAVE1\RELEASE\ENCLAVE1.DLL
C:\Sadat\MProjects\gwas\Enclave1\Enclave1\Release\biginteger.obj
C:\Sadat\MProjects\gwas\Enclave1\Enclave1\Release\bigintegeralgorithms.obj
C:\Sadat\MProjects\gwas\Enclave1\Enclave1\Release\bigintegerutils.obj
C:\Sadat\MProjects\gwas\Enclave1\Enclave1\Release\bigunsigned.obj
C:\Sadat\MProjects\gwas\Enclave1\Enclave1\Release\bigunsignedbase.obj
C:\Sadat\MProjects\gwas\Enclave1\Enclave1\Release\Enclave1.obj
C:\Sadat\MProjects\gwas\Enclave1\Enclave1\Release\Enclave1_t.obj
C:\Sadat\MProjects\gwas\Enclave1\Enclave1\Release\cl.command.1.tlog
C:\Sadat\MProjects\gwas\Enclave1\Enclave1\Release\CL.read.1.tlog
C:\Sadat\MProjects\gwas\Enclave1\Enclave1\Release\CL.write.1.tlog
C:\Sadat\MProjects\gwas\Enclave1\Enclave1\Release\custombuild.command.1.tlog
C:\Sadat\MProjects\gwas\Enclave1\Enclave1\Release\custombuild.read.1.tlog
C:\Sadat\MProjects\gwas\Enclave1\Enclave1\Release\custombuild.write.1.tlog
C:\Sadat\MProjects\gwas\Enclave1\Enclave1\Release\Enclave1.write.1.tlog
C:\Sadat\MProjects\gwas\Enclave1\Enclave1\Release\link.command.1.tlog
C:\Sadat\MProjects\gwas\Enclave1\Enclave1\Release\link.read.1.tlog
C:\Sadat\MProjects\gwas\Enclave1\Enclave1\Release\link.write.1.tlog
C:\Sadat\MProjects\gwas\Enclave1\Enclave1\Release\vc110.pdb
C:\Sadat\MProjects\gwas\Enclave1\Release\Enclave1.dll
