C:\SADAT\MPROJECTS\GWAS\APPLICATION1\DEBUG\APPLICATION1.PCH
C:\SADAT\MPROJECTS\GWAS\APPLICATION1\DEBUG\STDAFX.OBJ
C:\SADAT\MPROJECTS\GWAS\APPLICATION1\DEBUG\VC110.PDB
C:\SADAT\MPROJECTS\GWAS\APPLICATION1\DEBUG\APPLICATION1.OBJ
C:\SADAT\MPROJECTS\GWAS\APPLICATION1\DEBUG\ENCLAVE1_U.OBJ
C:\SADAT\MPROJECTS\GWAS\APPLICATION1\ENCLAVE1_U.H
C:\SADAT\MPROJECTS\GWAS\APPLICATION1\ENCLAVE1_U.C
C:\SADAT\MPROJECTS\GWAS\ENCLAVE1\DEBUG\APPLICATION1.ILK
C:\SADAT\MPROJECTS\GWAS\ENCLAVE1\DEBUG\APPLICATION1.EXE
C:\SADAT\MPROJECTS\GWAS\ENCLAVE1\DEBUG\APPLICATION1.PDB
C:\Sadat\MProjects\gwas\Application1\Debug\Application1.obj
C:\Sadat\MProjects\gwas\Application1\Debug\Enclave1_u.obj
C:\Sadat\MProjects\gwas\Application1\Debug\stdafx.obj
C:\Sadat\MProjects\gwas\Application1\Debug\cl.command.1.tlog
C:\Sadat\MProjects\gwas\Application1\Debug\CL.read.1.tlog
C:\Sadat\MProjects\gwas\Application1\Debug\CL.write.1.tlog
C:\Sadat\MProjects\gwas\Application1\Debug\custombuild.command.1.tlog
C:\Sadat\MProjects\gwas\Application1\Debug\custombuild.read.1.tlog
C:\Sadat\MProjects\gwas\Application1\Debug\custombuild.write.1.tlog
C:\Sadat\MProjects\gwas\Application1\Debug\link-cvtres.read.1.tlog
C:\Sadat\MProjects\gwas\Application1\Debug\link-cvtres.write.1.tlog
C:\Sadat\MProjects\gwas\Application1\Debug\link-rc.read.1.tlog
C:\Sadat\MProjects\gwas\Application1\Debug\link-rc.write.1.tlog
C:\Sadat\MProjects\gwas\Application1\Debug\link.10452-cvtres.read.1.tlog
C:\Sadat\MProjects\gwas\Application1\Debug\link.10452-cvtres.write.1.tlog
C:\Sadat\MProjects\gwas\Application1\Debug\link.10452-rc.read.1.tlog
C:\Sadat\MProjects\gwas\Application1\Debug\link.10452-rc.write.1.tlog
C:\Sadat\MProjects\gwas\Application1\Debug\link.10452.read.1.tlog
C:\Sadat\MProjects\gwas\Application1\Debug\link.10452.write.1.tlog
C:\Sadat\MProjects\gwas\Application1\Debug\link.12244-cvtres.read.1.tlog
C:\Sadat\MProjects\gwas\Application1\Debug\link.12244-cvtres.write.1.tlog
C:\Sadat\MProjects\gwas\Application1\Debug\link.12244-rc.read.1.tlog
C:\Sadat\MProjects\gwas\Application1\Debug\link.12244-rc.write.1.tlog
C:\Sadat\MProjects\gwas\Application1\Debug\link.12244.read.1.tlog
C:\Sadat\MProjects\gwas\Application1\Debug\link.12244.write.1.tlog
C:\Sadat\MProjects\gwas\Application1\Debug\link.12716-cvtres.read.1.tlog
C:\Sadat\MProjects\gwas\Application1\Debug\link.12716-cvtres.write.1.tlog
C:\Sadat\MProjects\gwas\Application1\Debug\link.12716-rc.read.1.tlog
C:\Sadat\MProjects\gwas\Application1\Debug\link.12716-rc.write.1.tlog
C:\Sadat\MProjects\gwas\Application1\Debug\link.12716.read.1.tlog
C:\Sadat\MProjects\gwas\Application1\Debug\link.12716.write.1.tlog
C:\Sadat\MProjects\gwas\Application1\Debug\link.5276-cvtres.read.1.tlog
C:\Sadat\MProjects\gwas\Application1\Debug\link.5276-cvtres.write.1.tlog
C:\Sadat\MProjects\gwas\Application1\Debug\link.5276-rc.read.1.tlog
C:\Sadat\MProjects\gwas\Application1\Debug\link.5276-rc.write.1.tlog
C:\Sadat\MProjects\gwas\Application1\Debug\link.5276.read.1.tlog
C:\Sadat\MProjects\gwas\Application1\Debug\link.5276.write.1.tlog
C:\Sadat\MProjects\gwas\Application1\Debug\link.6140-cvtres.read.1.tlog
C:\Sadat\MProjects\gwas\Application1\Debug\link.6140-cvtres.write.1.tlog
C:\Sadat\MProjects\gwas\Application1\Debug\link.6140-rc.read.1.tlog
C:\Sadat\MProjects\gwas\Application1\Debug\link.6140-rc.write.1.tlog
C:\Sadat\MProjects\gwas\Application1\Debug\link.6140.read.1.tlog
C:\Sadat\MProjects\gwas\Application1\Debug\link.6140.write.1.tlog
C:\Sadat\MProjects\gwas\Application1\Debug\link.8288-cvtres.read.1.tlog
C:\Sadat\MProjects\gwas\Application1\Debug\link.8288-cvtres.write.1.tlog
C:\Sadat\MProjects\gwas\Application1\Debug\link.8288-rc.read.1.tlog
C:\Sadat\MProjects\gwas\Application1\Debug\link.8288-rc.write.1.tlog
C:\Sadat\MProjects\gwas\Application1\Debug\link.8288.read.1.tlog
C:\Sadat\MProjects\gwas\Application1\Debug\link.8288.write.1.tlog
C:\Sadat\MProjects\gwas\Application1\Debug\link.command.1.tlog
C:\Sadat\MProjects\gwas\Application1\Debug\link.read.1.tlog
C:\Sadat\MProjects\gwas\Application1\Debug\link.write.1.tlog
C:\Sadat\MProjects\gwas\Application1\Debug\Application1.pch
C:\Sadat\MProjects\gwas\Application1\Debug\vc110.idb
C:\Sadat\MProjects\gwas\Application1\Debug\vc110.pdb
C:\Sadat\MProjects\gwas\Enclave1\Debug\Application1.pdb
C:\Sadat\MProjects\gwas\Enclave1\Debug\Application1.exe
C:\Sadat\MProjects\gwas\Enclave1\Debug\Application1.ilk
