C:\SADAT\MPROJECTS\GWAS\ENCLAVE1\ENCLAVE1\DEBUG\ENCLAVE1.OBJ
C:\SADAT\MPROJECTS\GWAS\ENCLAVE1\ENCLAVE1\DEBUG\BIGUNSIGNEDBASE.OBJ
C:\SADAT\MPROJECTS\GWAS\ENCLAVE1\ENCLAVE1\DEBUG\BIGUNSIGNED.OBJ
C:\SADAT\MPROJECTS\GWAS\ENCLAVE1\ENCLAVE1\DEBUG\BIGINTEGERUTILS.OBJ
C:\SADAT\MPROJECTS\GWAS\ENCLAVE1\ENCLAVE1\DEBUG\BIGINTEGERALGORITHMS.OBJ
C:\SADAT\MPROJECTS\GWAS\ENCLAVE1\ENCLAVE1\DEBUG\BIGINTEGER.OBJ
C:\SADAT\MPROJECTS\GWAS\ENCLAVE1\ENCLAVE1\DEBUG\VC110.PDB
C:\SADAT\MPROJECTS\GWAS\ENCLAVE1\ENCLAVE1\DEBUG\ENCLAVE1_T.OBJ
C:\SADAT\MPROJECTS\GWAS\ENCLAVE1\ENCLAVE1\ENCLAVE1_T.H
C:\SADAT\MPROJECTS\GWAS\ENCLAVE1\ENCLAVE1\ENCLAVE1_T.C
C:\Sadat\MProjects\gwas\Enclave1\Debug\Enclave1.lib
C:\Sadat\MProjects\gwas\Enclave1\Debug\Enclave1.exp
C:\SADAT\MPROJECTS\GWAS\ENCLAVE1\DEBUG\ENCLAVE1.DLL
C:\SADAT\MPROJECTS\GWAS\ENCLAVE1\DEBUG\ENCLAVE1.PDB
C:\Sadat\MProjects\gwas\Enclave1\Enclave1\Debug\biginteger.obj
C:\Sadat\MProjects\gwas\Enclave1\Enclave1\Debug\bigintegeralgorithms.obj
C:\Sadat\MProjects\gwas\Enclave1\Enclave1\Debug\bigintegerutils.obj
C:\Sadat\MProjects\gwas\Enclave1\Enclave1\Debug\bigunsigned.obj
C:\Sadat\MProjects\gwas\Enclave1\Enclave1\Debug\bigunsignedbase.obj
C:\Sadat\MProjects\gwas\Enclave1\Enclave1\Debug\Enclave1.obj
C:\Sadat\MProjects\gwas\Enclave1\Enclave1\Debug\Enclave1_t.obj
C:\Sadat\MProjects\gwas\Enclave1\Enclave1\Debug\cl.command.1.tlog
C:\Sadat\MProjects\gwas\Enclave1\Enclave1\Debug\CL.read.1.tlog
C:\Sadat\MProjects\gwas\Enclave1\Enclave1\Debug\CL.write.1.tlog
C:\Sadat\MProjects\gwas\Enclave1\Enclave1\Debug\custombuild.command.1.tlog
C:\Sadat\MProjects\gwas\Enclave1\Enclave1\Debug\custombuild.read.1.tlog
C:\Sadat\MProjects\gwas\Enclave1\Enclave1\Debug\custombuild.write.1.tlog
C:\Sadat\MProjects\gwas\Enclave1\Enclave1\Debug\Enclave1.write.1.tlog
C:\Sadat\MProjects\gwas\Enclave1\Enclave1\Debug\link.command.1.tlog
C:\Sadat\MProjects\gwas\Enclave1\Enclave1\Debug\link.read.1.tlog
C:\Sadat\MProjects\gwas\Enclave1\Enclave1\Debug\link.write.1.tlog
C:\Sadat\MProjects\gwas\Enclave1\Enclave1\Debug\vc110.pdb
C:\Sadat\MProjects\gwas\Enclave1\Debug\Enclave1.pdb
C:\Sadat\MProjects\gwas\Enclave1\Debug\Enclave1.dll
